Determining if the pthread_create exist failed with the following output:
Change Dir: /home/student/catkin_ws/src/pathdriver/cmake-build-debug/CMakeFiles/CMakeTmp

Run Build Command:"/usr/bin/make" "cmTC_ebd5b/fast"
/usr/bin/make -f CMakeFiles/cmTC_ebd5b.dir/build.make CMakeFiles/cmTC_ebd5b.dir/build
make[1]: Entering directory '/home/student/catkin_ws/src/pathdriver/cmake-build-debug/CMakeFiles/CMakeTmp'
Building C object CMakeFiles/cmTC_ebd5b.dir/CheckSymbolExists.c.o
/usr/bin/cc    -o CMakeFiles/cmTC_ebd5b.dir/CheckSymbolExists.c.o   -c /home/student/catkin_ws/src/pathdriver/cmake-build-debug/CMakeFiles/CMakeTmp/CheckSymbolExists.c
Linking C executable cmTC_ebd5b
/opt/clion-2017.2.3/bin/cmake/bin/cmake -E cmake_link_script CMakeFiles/cmTC_ebd5b.dir/link.txt --verbose=1
/usr/bin/cc      -rdynamic CMakeFiles/cmTC_ebd5b.dir/CheckSymbolExists.c.o  -o cmTC_ebd5b 
CMakeFiles/cmTC_ebd5b.dir/CheckSymbolExists.c.o: In function `main':
CheckSymbolExists.c:(.text+0x16): undefined reference to `pthread_create'
collect2: error: ld returned 1 exit status
CMakeFiles/cmTC_ebd5b.dir/build.make:97: recipe for target 'cmTC_ebd5b' failed
make[1]: *** [cmTC_ebd5b] Error 1
make[1]: Leaving directory '/home/student/catkin_ws/src/pathdriver/cmake-build-debug/CMakeFiles/CMakeTmp'
Makefile:126: recipe for target 'cmTC_ebd5b/fast' failed
make: *** [cmTC_ebd5b/fast] Error 2

File /home/student/catkin_ws/src/pathdriver/cmake-build-debug/CMakeFiles/CMakeTmp/CheckSymbolExists.c:
/* */
#include <pthread.h>

int main(int argc, char** argv)
{
  (void)argv;
#ifndef pthread_create
  return ((int*)(&pthread_create))[argc];
#else
  (void)argc;
  return 0;
#endif
}

Determining if the function pthread_create exists in the pthreads failed with the following output:
Change Dir: /home/student/catkin_ws/src/pathdriver/cmake-build-debug/CMakeFiles/CMakeTmp

Run Build Command:"/usr/bin/make" "cmTC_62d26/fast"
/usr/bin/make -f CMakeFiles/cmTC_62d26.dir/build.make CMakeFiles/cmTC_62d26.dir/build
make[1]: Entering directory '/home/student/catkin_ws/src/pathdriver/cmake-build-debug/CMakeFiles/CMakeTmp'
Building C object CMakeFiles/cmTC_62d26.dir/CheckFunctionExists.c.o
/usr/bin/cc   -DCHECK_FUNCTION_EXISTS=pthread_create   -o CMakeFiles/cmTC_62d26.dir/CheckFunctionExists.c.o   -c /opt/clion-2017.2.3/bin/cmake/share/cmake-3.8/Modules/CheckFunctionExists.c
Linking C executable cmTC_62d26
/opt/clion-2017.2.3/bin/cmake/bin/cmake -E cmake_link_script CMakeFiles/cmTC_62d26.dir/link.txt --verbose=1
/usr/bin/cc  -DCHECK_FUNCTION_EXISTS=pthread_create    -rdynamic CMakeFiles/cmTC_62d26.dir/CheckFunctionExists.c.o  -o cmTC_62d26 -lpthreads 
/usr/bin/ld: cannot find -lpthreads
collect2: error: ld returned 1 exit status
CMakeFiles/cmTC_62d26.dir/build.make:97: recipe for target 'cmTC_62d26' failed
make[1]: *** [cmTC_62d26] Error 1
make[1]: Leaving directory '/home/student/catkin_ws/src/pathdriver/cmake-build-debug/CMakeFiles/CMakeTmp'
Makefile:126: recipe for target 'cmTC_62d26/fast' failed
make: *** [cmTC_62d26/fast] Error 2


